# JRE version: OpenJDK Runtime Environment Temurin-21.0.9+10 (21.0.9+10) (build 21.0.9+10-LTS)
# Java VM: OpenJDK 64-Bit Server VM Temurin-21.0.9+10 (21.0.9+10-LTS, mixed mode, sharing, tiered, compressed oops, compressed class ptrs, parallel gc, windows-amd64)
GC Precious Log:
 CardTable entry size: 512
 CPUs: 8 total, 8 available
 Memory: 12183M
 Large Page Support: Disabled
 NUMA Support: Disabled
 Compressed Oops: Enabled (32-bit)
 Alignments: Space 512K, Generation 512K, Heap 2M
 Heap Min Capacity: 100M
 Heap Initial Capacity: 100M
 Heap Max Capacity: 2G
 Pre-touch: Disabled
 Parallel Workers: 8
Heap:
 PSYoungGen      total 301568K, used 173980K [0x00000000d5580000, 0x00000000ea980000, 0x0000000100000000)
  eden space 301056K, 57% used [0x00000000d5580000,0x00000000dff33108,0x00000000e7b80000)
  from space 512K, 40% used [0x00000000ea880000,0x00000000ea8b4010,0x00000000ea900000)
  to   space 512K, 0% used [0x00000000ea900000,0x00000000ea900000,0x00000000ea980000)
 ParOldGen       total 1034752K, used 1032534K [0x0000000080000000, 0x00000000bf280000, 0x00000000d5580000)
  object space 1034752K, 99% used [0x0000000080000000,0x00000000bf0558c8,0x00000000bf280000)
 Metaspace       used 88000K, committed 89536K, reserved 1179648K
  class space    used 8716K, committed 9408K, reserved 1048576K
GC Heap History (20 events):
Event: 12504.448 GC heap before
{Heap before GC invocations=1530 (full 14):
 PSYoungGen      total 371712K, used 371359K [0x00000000d5580000, 0x00000000ed400000, 0x0000000100000000)
  eden space 361984K, 100% used [0x00000000d5580000,0x00000000eb700000,0x00000000eb700000)
  from space 9728K, 96% used [0x00000000ec700000,0x00000000ed027c48,0x00000000ed080000)
  to   space 3584K, 0% used [0x00000000ed080000,0x00000000ed080000,0x00000000ed400000)
 ParOldGen       total 940032K, used 939707K [0x0000000080000000, 0x00000000b9600000, 0x00000000d5580000)
  object space 940032K, 99% used [0x0000000080000000,0x00000000b95aeda0,0x00000000b9600000)
 Metaspace       used 87980K, committed 89536K, reserved 1179648K
  class space    used 8716K, committed 9408K, reserved 1048576K
}
Event: 12504.472 GC heap after
{Heap after GC invocations=1530 (full 14):
 PSYoungGen      total 349184K, used 3583K [0x00000000d5580000, 0x00000000ed800000, 0x0000000100000000)
  eden space 345600K, 0% used [0x00000000d5580000,0x00000000d5580000,0x00000000ea700000)
  from space 3584K, 99% used [0x00000000ed080000,0x00000000ed3ffdf8,0x00000000ed400000)
  to   space 25088K, 0% used [0x00000000ea700000,0x00000000ea700000,0x00000000ebf80000)
 ParOldGen       total 958976K, used 958776K [0x0000000080000000, 0x00000000ba880000, 0x00000000d5580000)
  object space 958976K, 99% used [0x0000000080000000,0x00000000ba84e130,0x00000000ba880000)
 Metaspace       used 87980K, committed 89536K, reserved 1179648K
  class space    used 8716K, committed 9408K, reserved 1048576K
}
Event: 12504.647 GC heap before
{Heap before GC invocations=1531 (full 14):
 PSYoungGen      total 349184K, used 347707K [0x00000000d5580000, 0x00000000ed800000, 0x0000000100000000)
  eden space 345600K, 99% used [0x00000000d5580000,0x00000000ea58efd8,0x00000000ea700000)
  from space 3584K, 99% used [0x00000000ed080000,0x00000000ed3ffdf8,0x00000000ed400000)
  to   space 25088K, 0% used [0x00000000ea700000,0x00000000ea700000,0x00000000ebf80000)
 ParOldGen       total 958976K, used 958776K [0x0000000080000000, 0x00000000ba880000, 0x00000000d5580000)
  object space 958976K, 99% used [0x0000000080000000,0x00000000ba84e130,0x00000000ba880000)
 Metaspace       used 87985K, committed 89536K, reserved 1179648K
  class space    used 8716K, committed 9408K, reserved 1048576K
}
Event: 12504.659 GC heap after
{Heap after GC invocations=1531 (full 14):
 PSYoungGen      total 351744K, used 21111K [0x00000000d5580000, 0x00000000ed100000, 0x0000000100000000)
  eden space 330240K, 0% used [0x00000000d5580000,0x00000000d5580000,0x00000000e9800000)
  from space 21504K, 98% used [0x00000000ea700000,0x00000000ebb9df80,0x00000000ebc00000)
  to   space 21504K, 0% used [0x00000000ebc00000,0x00000000ebc00000,0x00000000ed100000)
 ParOldGen       total 959488K, used 959169K [0x0000000080000000, 0x00000000ba900000, 0x00000000d5580000)
  object space 959488K, 99% used [0x0000000080000000,0x00000000ba8b0448,0x00000000ba900000)
 Metaspace       used 87985K, committed 89536K, reserved 1179648K
  class space    used 8716K, committed 9408K, reserved 1048576K
}
Event: 12504.702 GC heap before
{Heap before GC invocations=1532 (full 14):
 PSYoungGen      total 351744K, used 340823K [0x00000000d5580000, 0x00000000ed100000, 0x0000000100000000)
  eden space 330240K, 96% used [0x00000000d5580000,0x00000000e8db8010,0x00000000e9800000)
  from space 21504K, 98% used [0x00000000ea700000,0x00000000ebb9df80,0x00000000ebc00000)
  to   space 21504K, 0% used [0x00000000ebc00000,0x00000000ebc00000,0x00000000ed100000)
 ParOldGen       total 959488K, used 959169K [0x0000000080000000, 0x00000000ba900000, 0x00000000d5580000)
  object space 959488K, 99% used [0x0000000080000000,0x00000000ba8b0448,0x00000000ba900000)
 Metaspace       used 87985K, committed 89536K, reserved 1179648K
  class space    used 8716K, committed 9408K, reserved 1048576K
}
Event: 12504.721 GC heap after
{Heap after GC invocations=1532 (full 14):
 PSYoungGen      total 358400K, used 21488K [0x00000000d5580000, 0x00000000f0900000, 0x0000000100000000)
  eden space 336896K, 0% used [0x00000000d5580000,0x00000000d5580000,0x00000000e9e80000)
  from space 21504K, 99% used [0x00000000ebc00000,0x00000000ed0fc130,0x00000000ed100000)
  to   space 30208K, 0% used [0x00000000e9e80000,0x00000000e9e80000,0x00000000ebc00000)
 ParOldGen       total 966656K, used 966280K [0x0000000080000000, 0x00000000bb000000, 0x00000000d5580000)
  object space 966656K, 99% used [0x0000000080000000,0x00000000bafa2368,0x00000000bb000000)
 Metaspace       used 87985K, committed 89536K, reserved 1179648K
  class space    used 8716K, committed 9408K, reserved 1048576K
}
Event: 12504.798 GC heap before
{Heap before GC invocations=1533 (full 14):
 PSYoungGen      total 358400K, used 354691K [0x00000000d5580000, 0x00000000f0900000, 0x0000000100000000)
  eden space 336896K, 98% used [0x00000000d5580000,0x00000000e9ae4b28,0x00000000e9e80000)
  from space 21504K, 99% used [0x00000000ebc00000,0x00000000ed0fc130,0x00000000ed100000)
  to   space 30208K, 0% used [0x00000000e9e80000,0x00000000e9e80000,0x00000000ebc00000)
 ParOldGen       total 966656K, used 966280K [0x0000000080000000, 0x00000000bb000000, 0x00000000d5580000)
  object space 966656K, 99% used [0x0000000080000000,0x00000000bafa2368,0x00000000bb000000)
 Metaspace       used 87985K, committed 89536K, reserved 1179648K
  class space    used 8716K, committed 9408K, reserved 1048576K
}
Event: 12504.807 GC heap after
{Heap after GC invocations=1533 (full 14):
 PSYoungGen      total 332288K, used 9889K [0x00000000d5580000, 0x00000000ebc80000, 0x0000000100000000)
  eden space 322048K, 0% used [0x00000000d5580000,0x00000000d5580000,0x00000000e9000000)
  from space 10240K, 96% used [0x00000000e9e80000,0x00000000ea828430,0x00000000ea880000)
  to   space 16896K, 0% used [0x00000000eac00000,0x00000000eac00000,0x00000000ebc80000)
 ParOldGen       total 968704K, used 968232K [0x0000000080000000, 0x00000000bb200000, 0x00000000d5580000)
  object space 968704K, 99% used [0x0000000080000000,0x00000000bb18a368,0x00000000bb200000)
 Metaspace       used 87985K, committed 89536K, reserved 1179648K
  class space    used 8716K, committed 9408K, reserved 1048576K
}
Event: 12504.874 GC heap before
{Heap before GC invocations=1534 (full 14):
 PSYoungGen      total 332288K, used 329431K [0x00000000d5580000, 0x00000000ebc80000, 0x0000000100000000)
  eden space 322048K, 99% used [0x00000000d5580000,0x00000000e8d8d930,0x00000000e9000000)
  from space 10240K, 96% used [0x00000000e9e80000,0x00000000ea828430,0x00000000ea880000)
  to   space 16896K, 0% used [0x00000000eac00000,0x00000000eac00000,0x00000000ebc80000)
 ParOldGen       total 968704K, used 968232K [0x0000000080000000, 0x00000000bb200000, 0x00000000d5580000)
  object space 968704K, 99% used [0x0000000080000000,0x00000000bb18a368,0x00000000bb200000)
 Metaspace       used 87985K, committed 89536K, reserved 1179648K
  class space    used 8716K, committed 9408K, reserved 1048576K
}
Event: 12504.882 GC heap after
{Heap after GC invocations=1534 (full 14):
 PSYoungGen      total 315904K, used 8176K [0x00000000d5580000, 0x00000000eb400000, 0x0000000100000000)
  eden space 307712K, 0% used [0x00000000d5580000,0x00000000d5580000,0x00000000e8200000)
  from space 8192K, 99% used [0x00000000eac00000,0x00000000eb3fc020,0x00000000eb400000)
  to   space 10240K, 0% used [0x00000000ea000000,0x00000000ea000000,0x00000000eaa00000)
 ParOldGen       total 970752K, used 970345K [0x0000000080000000, 0x00000000bb400000, 0x00000000d5580000)
  object space 970752K, 99% used [0x0000000080000000,0x00000000bb39a768,0x00000000bb400000)
 Metaspace       used 87985K, committed 89536K, reserved 1179648K
  class space    used 8716K, committed 9408K, reserved 1048576K
}
Event: 12522.227 GC heap before
{Heap before GC invocations=1535 (full 14):
 PSYoungGen      total 315904K, used 309274K [0x00000000d5580000, 0x00000000eb400000, 0x0000000100000000)
  eden space 307712K, 97% used [0x00000000d5580000,0x00000000e7b8a918,0x00000000e8200000)
  from space 8192K, 99% used [0x00000000eac00000,0x00000000eb3fc020,0x00000000eb400000)
  to   space 10240K, 0% used [0x00000000ea000000,0x00000000ea000000,0x00000000eaa00000)
 ParOldGen       total 970752K, used 970345K [0x0000000080000000, 0x00000000bb400000, 0x00000000d5580000)
  object space 970752K, 99% used [0x0000000080000000,0x00000000bb39a768,0x00000000bb400000)
 Metaspace       used 87988K, committed 89536K, reserved 1179648K
  class space    used 8716K, committed 9408K, reserved 1048576K
}
Event: 12522.235 GC heap after
{Heap after GC invocations=1535 (full 14):
 PSYoungGen      total 304128K, used 10235K [0x00000000d5580000, 0x00000000eac80000, 0x0000000100000000)
  eden space 293888K, 0% used [0x00000000d5580000,0x00000000d5580000,0x00000000e7480000)
  from space 10240K, 99% used [0x00000000ea000000,0x00000000ea9fec08,0x00000000eaa00000)
  to   space 2560K, 0% used [0x00000000eaa00000,0x00000000eaa00000,0x00000000eac80000)
 ParOldGen       total 977920K, used 977605K [0x0000000080000000, 0x00000000bbb00000, 0x00000000d5580000)
  object space 977920K, 99% used [0x0000000080000000,0x00000000bbab15e8,0x00000000bbb00000)
 Metaspace       used 87988K, committed 89536K, reserved 1179648K
  class space    used 8716K, committed 9408K, reserved 1048576K
}
Event: 12522.283 GC heap before
{Heap before GC invocations=1536 (full 14):
 PSYoungGen      total 304128K, used 300087K [0x00000000d5580000, 0x00000000eac80000, 0x0000000100000000)
  eden space 293888K, 98% used [0x00000000d5580000,0x00000000e708f0d8,0x00000000e7480000)
  from space 10240K, 99% used [0x00000000ea000000,0x00000000ea9fec08,0x00000000eaa00000)
  to   space 2560K, 0% used [0x00000000eaa00000,0x00000000eaa00000,0x00000000eac80000)
 ParOldGen       total 977920K, used 977605K [0x0000000080000000, 0x00000000bbb00000, 0x00000000d5580000)
  object space 977920K, 99% used [0x0000000080000000,0x00000000bbab15e8,0x00000000bbb00000)
 Metaspace       used 87988K, committed 89536K, reserved 1179648K
  class space    used 8716K, committed 9408K, reserved 1048576K
}
Event: 12522.292 GC heap after
{Heap after GC invocations=1536 (full 14):
 PSYoungGen      total 281600K, used 415K [0x00000000d5580000, 0x00000000eaa80000, 0x0000000100000000)
  eden space 281088K, 0% used [0x00000000d5580000,0x00000000d5580000,0x00000000e6800000)
  from space 512K, 81% used [0x00000000eaa00000,0x00000000eaa67c10,0x00000000eaa80000)
  to   space 7168K, 0% used [0x00000000e9c80000,0x00000000e9c80000,0x00000000ea380000)
 ParOldGen       total 986624K, used 986050K [0x0000000080000000, 0x00000000bc380000, 0x00000000d5580000)
  object space 986624K, 99% used [0x0000000080000000,0x00000000bc2f0a60,0x00000000bc380000)
 Metaspace       used 87988K, committed 89536K, reserved 1179648K
  class space    used 8716K, committed 9408K, reserved 1048576K
}
Event: 12522.337 GC heap before
{Heap before GC invocations=1537 (full 14):
 PSYoungGen      total 281600K, used 280515K [0x00000000d5580000, 0x00000000eaa80000, 0x0000000100000000)
  eden space 281088K, 99% used [0x00000000d5580000,0x00000000e6709158,0x00000000e6800000)
  from space 512K, 81% used [0x00000000eaa00000,0x00000000eaa67c10,0x00000000eaa80000)
  to   space 7168K, 0% used [0x00000000e9c80000,0x00000000e9c80000,0x00000000ea380000)
 ParOldGen       total 986624K, used 986050K [0x0000000080000000, 0x00000000bc380000, 0x00000000d5580000)
  object space 986624K, 99% used [0x0000000080000000,0x00000000bc2f0a60,0x00000000bc380000)
 Metaspace       used 87988K, committed 89536K, reserved 1179648K
  class space    used 8716K, committed 9408K, reserved 1048576K
}
Event: 12522.344 GC heap after
{Heap after GC invocations=1537 (full 14):
 PSYoungGen      total 275968K, used 192K [0x00000000d5580000, 0x00000000eaa80000, 0x0000000100000000)
  eden space 268800K, 0% used [0x00000000d5580000,0x00000000d5580000,0x00000000e5c00000)
  from space 7168K, 2% used [0x00000000e9c80000,0x00000000e9cb0000,0x00000000ea380000)
  to   space 1536K, 0% used [0x00000000ea900000,0x00000000ea900000,0x00000000eaa80000)
 ParOldGen       total 994816K, used 994046K [0x0000000080000000, 0x00000000bcb80000, 0x00000000d5580000)
  object space 994816K, 99% used [0x0000000080000000,0x00000000bcabf888,0x00000000bcb80000)
 Metaspace       used 87988K, committed 89536K, reserved 1179648K
  class space    used 8716K, committed 9408K, reserved 1048576K
}
Event: 12522.374 GC heap before
{Heap before GC invocations=1538 (full 14):
 PSYoungGen      total 275968K, used 261589K [0x00000000d5580000, 0x00000000eaa80000, 0x0000000100000000)
  eden space 268800K, 97% used [0x00000000d5580000,0x00000000e54c5620,0x00000000e5c00000)
  from space 7168K, 2% used [0x00000000e9c80000,0x00000000e9cb0000,0x00000000ea380000)
  to   space 1536K, 0% used [0x00000000ea900000,0x00000000ea900000,0x00000000eaa80000)
 ParOldGen       total 994816K, used 994046K [0x0000000080000000, 0x00000000bcb80000, 0x00000000d5580000)
  object space 994816K, 99% used [0x0000000080000000,0x00000000bcabf888,0x00000000bcb80000)
 Metaspace       used 87988K, committed 89536K, reserved 1179648K
  class space    used 8716K, committed 9408K, reserved 1048576K
}
Event: 12522.384 GC heap after
{Heap after GC invocations=1538 (full 14):
 PSYoungGen      total 257536K, used 192K [0x00000000d5580000, 0x00000000ea980000, 0x0000000100000000)
  eden space 257024K, 0% used [0x00000000d5580000,0x00000000d5580000,0x00000000e5080000)
  from space 512K, 37% used [0x00000000ea900000,0x00000000ea930000,0x00000000ea980000)
  to   space 512K, 0% used [0x00000000ea880000,0x00000000ea880000,0x00000000ea900000)
 ParOldGen       total 1014784K, used 1013286K [0x0000000080000000, 0x00000000bdf00000, 0x00000000d5580000)
  object space 1014784K, 99% used [0x0000000080000000,0x00000000bdd898a8,0x00000000bdf00000)
 Metaspace       used 87988K, committed 89536K, reserved 1179648K
  class space    used 8716K, committed 9408K, reserved 1048576K
}
Event: 12522.414 GC heap before
{Heap before GC invocations=1539 (full 14):
 PSYoungGen      total 257536K, used 250296K [0x00000000d5580000, 0x00000000ea980000, 0x0000000100000000)
  eden space 257024K, 97% used [0x00000000d5580000,0x00000000e49be158,0x00000000e5080000)
  from space 512K, 37% used [0x00000000ea900000,0x00000000ea930000,0x00000000ea980000)
  to   space 512K, 0% used [0x00000000ea880000,0x00000000ea880000,0x00000000ea900000)
 ParOldGen       total 1014784K, used 1013286K [0x0000000080000000, 0x00000000bdf00000, 0x00000000d5580000)
  object space 1014784K, 99% used [0x0000000080000000,0x00000000bdd898a8,0x00000000bdf00000)
 Metaspace       used 87988K, committed 89536K, reserved 1179648K
  class space    used 8716K, committed 9408K, reserved 1048576K
}
Event: 12522.429 GC heap after
{Heap after GC invocations=1539 (full 14):
 PSYoungGen      total 301568K, used 208K [0x00000000d5580000, 0x00000000ea980000, 0x0000000100000000)
  eden space 301056K, 0% used [0x00000000d5580000,0x00000000d5580000,0x00000000e7b80000)
  from space 512K, 40% used [0x00000000ea880000,0x00000000ea8b4010,0x00000000ea900000)
  to   space 512K, 0% used [0x00000000ea900000,0x00000000ea900000,0x00000000ea980000)
 ParOldGen       total 1034752K, used 1032534K [0x0000000080000000, 0x00000000bf280000, 0x00000000d5580000)
  object space 1034752K, 99% used [0x0000000080000000,0x00000000bf0558c8,0x00000000bf280000)
 Metaspace       used 87988K, committed 89536K, reserved 1179648K
  class space    used 8716K, committed 9408K, reserved 1048576K
}

